<?xml version="1.0" encoding="UTF-8"?>
<testsuite name="org.example.SILab2Test" tests="2" skipped="0" failures="0" errors="0" timestamp="2023-05-29T18:25:52" hostname="Dandas-MacBook.local" time="0.022">
  <properties/>
  <testcase name="everyBranch()" classname="org.example.SILab2Test" time="0.02"/>
  <testcase name="multipleCondition()" classname="org.example.SILab2Test" time="0.001"/>
  <system-out><![CDATA[]]></system-out>
  <system-err><![CDATA[]]></system-err>
</testsuite>
